----------

Tue Feb 21 2023 20:57:33 GMT+0100 (Central European Standard Time)

Script C:\Users\petad\Desktop\Škola\Portfolio\export.bat couldn't be run

----------

Sun Feb 26 2023 20:37:35 GMT+0100 (Central European Standard Time)

Script C:\Users\petad\Desktop\Škola\Portfolio\export.bat couldn't be run

----------

Sun Feb 26 2023 20:55:27 GMT+0100 (Central European Standard Time)

Script C:\Users\petad\Desktop\Škola\Portfolio\export.bat couldn't be run

----------

Sun Feb 26 2023 20:57:18 GMT+0100 (Central European Standard Time)

Script C:\Users\petad\Desktop\Škola\Portfolio\export.bat couldn't be run

----------

Wed Mar 01 2023 00:14:01 GMT+0100 (Central European Standard Time)

Script C:\Users\petad\Desktop\Škola\Portfolio\export.bat couldn't be run

----------

Wed Mar 01 2023 00:27:30 GMT+0100 (Central European Standard Time)

Script C:\Users\petad\Desktop\Škola\Portfolio\export.bat couldn't be run

----------

Wed Mar 01 2023 00:49:44 GMT+0100 (Central European Standard Time)

Script C:\Users\petad\Desktop\Škola\Portfolio\export.bat couldn't be run

----------

Wed Mar 01 2023 00:59:36 GMT+0100 (Central European Standard Time)

Script C:\Users\petad\Desktop\Škola\Portfolio\export.bat couldn't be run

----------

Wed Mar 01 2023 10:02:58 GMT+0100 (Central European Standard Time)

Script C:\Users\petad\Desktop\Škola\Portfolio\export.bat couldn't be run

----------

Wed Mar 01 2023 10:27:23 GMT+0100 (Central European Standard Time)

Script C:\Users\petad\Desktop\Škola\Portfolio\export.bat couldn't be run

----------

Wed Mar 01 2023 10:47:03 GMT+0100 (Central European Standard Time)

Script C:\Users\petad\Desktop\Škola\Portfolio\export.bat couldn't be run

----------

Wed Mar 01 2023 10:55:50 GMT+0100 (Central European Standard Time)

Script C:\Users\petad\Desktop\Škola\Portfolio\export.bat couldn't be run

----------

Wed Mar 01 2023 11:03:06 GMT+0100 (Central European Standard Time)

Script C:\Users\petad\Desktop\Škola\Portfolio\export.bat couldn't be run

----------

Wed Mar 01 2023 11:23:43 GMT+0100 (Central European Standard Time)

Script C:\Users\petad\Desktop\Škola\Portfolio\export.bat couldn't be run

----------

Wed Mar 01 2023 12:55:47 GMT+0100 (Central European Standard Time)

Script C:\Users\petad\Desktop\Škola\Portfolio\export.bat couldn't be run

----------

Wed Mar 01 2023 13:57:05 GMT+0100 (Central European Standard Time)

Script C:\Users\petad\Desktop\Škola\Portfolio\export.bat couldn't be run

----------

Wed Mar 01 2023 20:40:31 GMT+0100 (Central European Standard Time)

Script C:\Users\petad\Desktop\Škola\Portfolio\export.bat couldn't be run

----------

Wed Mar 01 2023 20:59:04 GMT+0100 (Central European Standard Time)

Script C:\Users\petad\Desktop\Škola\Portfolio\export.bat couldn't be run

----------

Wed Mar 01 2023 21:06:24 GMT+0100 (Central European Standard Time)

Script C:\Users\petad\Desktop\Škola\Portfolio\export.bat couldn't be run

